gssdp-device-sniffer.c: In function ‘init_ui’:
gssdp-device-sniffer.c:621:9: warning: ‘gdk_screen_width’ is deprecated [-Wdeprecated-declarations]
         window_width = CLAMP ((gdk_screen_width () * 80 / 100), 10, 1000);
         ^
In file included from /usr/include/gtk-3.0/gdk/gdk.h:50:0,
                 from /usr/include/gtk-3.0/gtk/gtk.h:30,
                 from gssdp-device-sniffer.c:23:
/usr/include/gtk-3.0/gdk/gdkmain.h:108:6: note: declared here
 gint gdk_screen_width  (void) G_GNUC_CONST;
      ^
gssdp-device-sniffer.c:621:9: warning: ‘gdk_screen_width’ is deprecated [-Wdeprecated-declarations]
         window_width = CLAMP ((gdk_screen_width () * 80 / 100), 10, 1000);
         ^
In file included from /usr/include/gtk-3.0/gdk/gdk.h:50:0,
                 from /usr/include/gtk-3.0/gtk/gtk.h:30,
                 from gssdp-device-sniffer.c:23:
/usr/include/gtk-3.0/gdk/gdkmain.h:108:6: note: declared here
 gint gdk_screen_width  (void) G_GNUC_CONST;
      ^
gssdp-device-sniffer.c:621:9: warning: ‘gdk_screen_width’ is deprecated [-Wdeprecated-declarations]
         window_width = CLAMP ((gdk_screen_width () * 80 / 100), 10, 1000);
         ^
In file included from /usr/include/gtk-3.0/gdk/gdk.h:50:0,
                 from /usr/include/gtk-3.0/gtk/gtk.h:30,
                 from gssdp-device-sniffer.c:23:
/usr/include/gtk-3.0/gdk/gdkmain.h:108:6: note: declared here
 gint gdk_screen_width  (void) G_GNUC_CONST;
      ^
gssdp-device-sniffer.c:622:9: warning: ‘gdk_screen_height’ is deprecated [-Wdeprecated-declarations]
         window_height = CLAMP ((gdk_screen_height () * 80 / 100), 10, 800);
         ^
In file included from /usr/include/gtk-3.0/gdk/gdk.h:50:0,
                 from /usr/include/gtk-3.0/gtk/gtk.h:30,
                 from gssdp-device-sniffer.c:23:
/usr/include/gtk-3.0/gdk/gdkmain.h:110:6: note: declared here
 gint gdk_screen_height (void) G_GNUC_CONST;
      ^
gssdp-device-sniffer.c:622:9: warning: ‘gdk_screen_height’ is deprecated [-Wdeprecated-declarations]
         window_height = CLAMP ((gdk_screen_height () * 80 / 100), 10, 800);
         ^
In file included from /usr/include/gtk-3.0/gdk/gdk.h:50:0,
                 from /usr/include/gtk-3.0/gtk/gtk.h:30,
                 from gssdp-device-sniffer.c:23:
/usr/include/gtk-3.0/gdk/gdkmain.h:110:6: note: declared here
 gint gdk_screen_height (void) G_GNUC_CONST;
      ^
gssdp-device-sniffer.c:622:9: warning: ‘gdk_screen_height’ is deprecated [-Wdeprecated-declarations]
         window_height = CLAMP ((gdk_screen_height () * 80 / 100), 10, 800);
         ^
In file included from /usr/include/gtk-3.0/gdk/gdk.h:50:0,
                 from /usr/include/gtk-3.0/gtk/gtk.h:30,
                 from gssdp-device-sniffer.c:23:
/usr/include/gtk-3.0/gdk/gdkmain.h:110:6: note: declared here
 gint gdk_screen_height (void) G_GNUC_CONST;
      ^
